TN:
SF:/workspace/hardhat-fundme/hardhat-fund-me-fcc/contracts/exampleContracts/FunWithStorage.sol
FN:19,constructor
FN:27,doStuff
FNF:2
FNH:0
FNDA:0,constructor
FNDA:0,doStuff
DA:20,0
DA:21,0
DA:22,0
DA:23,0
DA:24,0
DA:28,0
DA:29,0
LF:7
LH:0
BRF:0
BRH:0
end_of_record
TN:
SF:/workspace/hardhat-fundme/hardhat-fund-me-fcc/contracts/FundMe.sol
FN:30,onlyOwner
FN:46,constructor
FN:52,fund
FN:62,withdraw
FN:78,cheaperWithdraw
FN:99,getAddressToAmountFunded
FN:107,getVersion
FN:111,getFunder
FN:115,getOwner
FN:119,getPriceFeed
FNF:10
FNH:8
FNDA:3,onlyOwner
FNDA:3,constructor
FNDA:11,fund
FNDA:1,withdraw
FNDA:1,cheaperWithdraw
FNDA:6,getAddressToAmountFunded
FNDA:0,getVersion
FNDA:2,getFunder
FNDA:0,getOwner
FNDA:1,getPriceFeed
DA:32,3
DA:33,2
DA:47,3
DA:48,3
DA:53,11
DA:58,10
DA:59,10
DA:63,1
DA:68,1
DA:69,1
DA:71,1
DA:74,1
DA:75,1
DA:79,1
DA:81,1
DA:86,6
DA:87,6
DA:89,1
DA:91,1
DA:92,1
DA:104,6
DA:108,0
DA:112,2
DA:116,0
DA:120,1
LF:25
LH:23
BRDA:32,1,0,1
BRDA:32,1,1,2
BRDA:53,2,0,10
BRDA:53,2,1,1
BRDA:75,3,0,1
BRDA:75,3,1,0
BRDA:92,4,0,1
BRDA:92,4,1,0
BRF:8
BRH:6
end_of_record
TN:
SF:/workspace/hardhat-fundme/hardhat-fund-me-fcc/contracts/PriceConverter.sol
FN:7,getPrice
FN:20,getConversionRate
FNF:2
FNH:2
FNDA:11,getPrice
FNDA:11,getConversionRate
DA:12,11
DA:14,11
DA:24,11
DA:25,11
DA:27,11
LF:5
LH:5
BRF:0
BRH:0
end_of_record
TN:
SF:/workspace/hardhat-fundme/hardhat-fund-me-fcc/contracts/test/MockV3Aggregator.sol
FNF:0
FNH:0
LF:0
LH:0
BRF:0
BRH:0
end_of_record
